<?xml version="1.0" encoding="UTF-8"?>
<testsuite name="Cucumber" time="5.633" tests="1" skipped="0" failures="0" errors="0">
<testcase classname="Test login functionality" name="Check login is successful with valid credentials" time="5.486">
<system-out><![CDATA[
Given browser is open.......................................................passed
And user is on login page...................................................passed
When user enters username and password......................................passed
And user clicks on login....................................................passed
Then user is navigated to the test form.....................................passed
]]></system-out>
</testcase>
</testsuite>
